Fri 06 Oct 2023 09:11:04 PM UTC: 
 tests:  0|5
total_score: 0/70
d8451bc
Sat 07 Oct 2023 12:08:25 AM UTC: 
 sudoku.c | 57 ++++++++++++++++++++++++++++++++++++++++++---------------
 1 file changed, 42 insertions(+), 15 deletions(-)
In file included from test.c:5:
sudoku.c: In function ‘get_adj_nodes’:
sudoku.c:75:20: error: expected expression before ‘List’
   75 |           pushBack(List, nodo_adj);
      |                    ^~~~
sudoku.c:75:11: error: too few arguments to function ‘pushBack’
   75 |           pushBack(List, nodo_adj);
      |           ^~~~~~~~
In file included from test.c:4:
list.h:23:6: note: declared here
   23 | void pushBack(List* list, void* data);
      |      ^~~~~~~~
In file included from test.c:5:
sudoku.c:77:16: error: expected expression before ‘List’
   77 |         return List;
      |                ^~~~
Compilation failed
8e429b1
Sat 07 Oct 2023 12:08:45 AM UTC: 
 sudoku.c | 8 ++++----
 1 file changed, 4 insertions(+), 4 deletions(-)
 tests:  0|5
total_score: 0/70
c26317a
Sat 07 Oct 2023 12:11:14 AM UTC: 
 sudoku.c | 2 +-
 1 file changed, 1 insertion(+), 1 deletion(-)
 tests:  2|4
total_score: 15/70
585cd38
Sat 07 Oct 2023 12:11:22 AM UTC: 
 sudoku.c | 2 +-
 1 file changed, 1 insertion(+), 1 deletion(-)
 tests:  2|4
total_score: 15/70
8fac1ee
Sat 07 Oct 2023 12:11:33 AM UTC: 
 sudoku.c | 2 +-
 1 file changed, 1 insertion(+), 1 deletion(-)
 tests:  0|5
total_score: 0/70
bf43e6a
Sat 07 Oct 2023 12:11:46 AM UTC: 
 sudoku.c | 2 +-
 1 file changed, 1 insertion(+), 1 deletion(-)
 tests:  2|4
total_score: 15/70
95ad224
Sat 07 Oct 2023 12:14:25 AM UTC: 
 sudoku.c | 2 +-
 1 file changed, 1 insertion(+), 1 deletion(-)
 tests:  2|4
total_score: 15/70
e3c491d
Sat 07 Oct 2023 12:19:44 AM UTC: 
 sudoku.c | 16 ++++++++++++----
 1 file changed, 12 insertions(+), 4 deletions(-)
 tests:  3|3
total_score: 25/70
9e1433e
Sat 07 Oct 2023 12:39:03 AM UTC: 
 sudoku.c | 26 +++++++++++++++++++++++++-
 1 file changed, 25 insertions(+), 1 deletion(-)
In file included from test.c:5:
sudoku.c: In function ‘DFS’:
sudoku.c:99:21: error: ‘n’ undeclared (first use in this function)
   99 |   push(lista_stack, n);
      |                     ^
sudoku.c:99:21: note: each undeclared identifier is reported only once for each function it appears in
sudoku.c:114:5: error: this ‘while’ clause does not guard... [-Werror=misleading-indentation]
  114 |     while(nodo_adj != NULL);
      |     ^~~~~
sudoku.c:115:5: note: ...this statement, but the latter is misleadingly indented as if it were guarded by the ‘while’
  115 |     {
      |     ^
cc1: all warnings being treated as errors
Compilation failed
65b9834
Sat 07 Oct 2023 12:39:24 AM UTC: 
 sudoku.c | 2 +-
 1 file changed, 1 insertion(+), 1 deletion(-)
In file included from test.c:5:
sudoku.c: In function ‘DFS’:
sudoku.c:99:21: error: ‘n’ undeclared (first use in this function)
   99 |   push(lista_stack, n);
      |                     ^
sudoku.c:99:21: note: each undeclared identifier is reported only once for each function it appears in
Compilation failed
030a4a2
Sat 07 Oct 2023 12:39:46 AM UTC: 
 sudoku.c | 2 +-
 1 file changed, 1 insertion(+), 1 deletion(-)
 tests:  4|3
total_score: 30/70
76d4aa1
Sat 07 Oct 2023 12:41:36 AM UTC: 
 sudoku.c | 23 -----------------------
 1 file changed, 23 deletions(-)
 tests:  3|3
total_score: 25/70
0a61052
Sat 07 Oct 2023 12:47:20 AM UTC: 
 sudoku.c | 24 ++++++++++++++++++++++++
 1 file changed, 24 insertions(+)
In file included from test.c:5:
sudoku.c: In function ‘is_valid’:
sudoku.c:59:6: error: unused variable ‘sub_verf’ [-Werror=unused-variable]
   59 |   us sub_verf[9][10] = {0};
      |      ^~~~~~~~
cc1: all warnings being treated as errors
Compilation failed
051debd
Sat 07 Oct 2023 12:47:29 AM UTC: 
 sudoku.c | 2 +-
 1 file changed, 1 insertion(+), 1 deletion(-)
 tests:  3|3
total_score: 25/70
ec43aa9
Sat 07 Oct 2023 12:51:19 AM UTC: 
 sudoku.c | 11 +++++++++--
 1 file changed, 9 insertions(+), 2 deletions(-)
In file included from test.c:5:
sudoku.c: In function ‘is_valid’:
sudoku.c:84:30: error: expected expression before ‘{’ token
   84 |       filas_verf[i][valor] = {0};
      |                              ^
Compilation failed
c7b52de
Sat 07 Oct 2023 12:51:28 AM UTC: 
 sudoku.c | 2 +-
 1 file changed, 1 insertion(+), 1 deletion(-)
 tests:  3|3
total_score: 25/70
ef73662
Sat 07 Oct 2023 12:55:00 AM UTC: 
 sudoku.c | 58 +++++++++++++++++++++++++++++++---------------------------
 1 file changed, 31 insertions(+), 27 deletions(-)
 tests:  3|3
total_score: 25/70
6d2b493
Sat 07 Oct 2023 12:55:37 AM UTC: 
 sudoku.c | 42 ++++++++++++++++--------------------------
 1 file changed, 16 insertions(+), 26 deletions(-)
 tests:  6|2
total_score: 45/70
54c89fc
Sat 07 Oct 2023 12:55:53 AM UTC: 
 sudoku.c | 32 +++-----------------------------
 1 file changed, 3 insertions(+), 29 deletions(-)
 tests:  3|3
total_score: 25/70
5e27b71
Sat 07 Oct 2023 12:56:00 AM UTC: 
 sudoku.c | 1 +
 1 file changed, 1 insertion(+)
In file included from test.c:5:
sudoku.c: In function ‘is_valid’:
sudoku.c:57:3: error: ‘cdscas’ undeclared (first use in this function)
   57 |   cdscas
      |   ^~~~~~
sudoku.c:57:3: note: each undeclared identifier is reported only once for each function it appears in
sudoku.c:57:9: error: expected ‘;’ before ‘return’
   57 |   cdscas
      |         ^
      |         ;
   58 |   return 1;
      |   ~~~~~~ 
sudoku.c:59:1: error: control reaches end of non-void function [-Werror=return-type]
   59 | }
      | ^
cc1: all warnings being treated as errors
Compilation failed
ef5bd87
Sat 07 Oct 2023 01:10:15 AM UTC: 
 sudoku.c | 24 +++++++++++++++++++++++-
 1 file changed, 23 insertions(+), 1 deletion(-)
In file included from test.c:5:
sudoku.c: In function ‘is_valid’:
sudoku.c:77:44: error: expected ‘;’ before ‘}’ token
   77 |       sub_matriz[sub_matriz_ind][valor] = 1
      |                                            ^
      |                                            ;
   78 |     }
      |     ~                                       
Compilation failed
b472ca9
Sat 07 Oct 2023 01:10:21 AM UTC: 
 sudoku.c | 2 +-
 1 file changed, 1 insertion(+), 1 deletion(-)
 tests:  6|2
total_score: 45/70
069da9e
Sat 07 Oct 2023 01:13:45 AM UTC: 
 sudoku.c | 9 ++++++++-
 1 file changed, 8 insertions(+), 1 deletion(-)
 tests:  6|2
total_score: 45/70
8727a64
Sat 07 Oct 2023 01:15:04 AM UTC: 
 sudoku.c | 41 ++++++++++++++++++++---------------------
 1 file changed, 20 insertions(+), 21 deletions(-)
 tests:  6|2
total_score: 45/70
929f6e2
Sat 07 Oct 2023 01:17:52 AM UTC: 
 sudoku.c | 33 ++++++++++-----------------------
 1 file changed, 10 insertions(+), 23 deletions(-)
In file included from test.c:5:
sudoku.c: In function ‘get_valid_adj_nodes’:
sudoku.c:83:22: error: implicit declaration of function ‘get_adj_nodes’; did you mean ‘get_valid_adj_nodes’? [-Werror=implicit-function-declaration]
   83 |    List* adj_nodes = get_adj_nodes(n);
      |                      ^~~~~~~~~~~~~
      |                      get_valid_adj_nodes
sudoku.c:83:22: error: initialization of ‘List *’ from ‘int’ makes pointer from integer without a cast [-Werror=int-conversion]
sudoku.c:87:19: error: implicit declaration of function ‘getFirst’ [-Werror=implicit-function-declaration]
   87 |    for (current = getFirst(adj_nodes); current != NULL; current = getNext(adj_nodes)) {
      |                   ^~~~~~~~
sudoku.c:87:17: error: assignment to ‘Node *’ from ‘int’ makes pointer from integer without a cast [-Werror=int-conversion]
   87 |    for (current = getFirst(adj_nodes); current != NULL; current = getNext(adj_nodes)) {
      |                 ^
sudoku.c:87:67: error: implicit declaration of function ‘getNext’ [-Werror=implicit-function-declaration]
   87 |    for (current = getFirst(adj_nodes); current != NULL; current = getNext(adj_nodes)) {
      |                                                                   ^~~~~~~
sudoku.c:87:65: error: assignment to ‘Node *’ from ‘int’ makes pointer from integer without a cast [-Werror=int-conversion]
   87 |    for (current = getFirst(adj_nodes); current != NULL; current = getNext(adj_nodes)) {
      |                                                                 ^
sudoku.c:93:4: error: implicit declaration of function ‘freeList’; did you mean ‘createList’? [-Werror=implicit-function-declaration]
   93 |    freeList(adj_nodes);
      |    ^~~~~~~~
      |    createList
test.c: In function ‘adj_test1’:
test.c:62:17: error: initialization of ‘List *’ from ‘int’ makes pointer from integer without a cast [-Werror=int-conversion]
   62 |     List* adj = get_adj_nodes(initial);
      |                 ^~~~~~~~~~~~~
test.c:95:9: error: assignment to ‘List *’ from ‘int’ makes pointer from integer without a cast [-Werror=int-conversion]
   95 |     adj = get_adj_nodes(initial);
      |         ^
test.c: In function ‘test_mod_adj’:
test.c:155:17: error: initialization of ‘List *’ from ‘int’ makes pointer from integer without a cast [-Werror=int-conversion]
  155 |     List* adj = get_adj_nodes(initial);
      |                 ^~~~~~~~~~~~~
cc1: all warnings being treated as errors
Compilation failed
77a22c4
Sat 07 Oct 2023 01:24:36 AM UTC: 
 sudoku.c | 35 ++++++++++++++++++++++++-----------
 1 file changed, 24 insertions(+), 11 deletions(-)
In file included from test.c:5:
sudoku.c: In function ‘get_adj_nodes’:
sudoku.c:94:23: error: ‘nodo_adj’ undeclared (first use in this function)
   94 |           if(is_valid(nodo_adj))
      |                       ^~~~~~~~
sudoku.c:94:23: note: each undeclared identifier is reported only once for each function it appears in
Compilation failed
71aed57
Sat 07 Oct 2023 01:24:52 AM UTC: 
 sudoku.c | 2 +-
 1 file changed, 1 insertion(+), 1 deletion(-)
 tests:  6|2
total_score: 45/70
b6f84a2
Sat 07 Oct 2023 01:25:14 AM UTC: 
 sudoku.c | 2 +-
 1 file changed, 1 insertion(+), 1 deletion(-)
 tests:  6|2
total_score: 45/70
611d615
Sat 07 Oct 2023 01:26:49 AM UTC: 
 sudoku.c | 33 +++++++++++++++++++++++++++++++--
 1 file changed, 31 insertions(+), 2 deletions(-)
In file included from test.c:5:
sudoku.c: In function ‘DFS’:
sudoku.c:128:12: error: implicit declaration of function ‘isEmpty’; did you mean ‘is_empty’? [-Werror=implicit-function-declaration]
  128 |    while (!isEmpty(stack)) {
      |            ^~~~~~~
      |            is_empty
sudoku.c:134:10: error: implicit declaration of function ‘freeStack’; did you mean ‘createStack’? [-Werror=implicit-function-declaration]
  134 |          freeStack(stack);
      |          ^~~~~~~~~
      |          createStack
sudoku.c:139:24: error: implicit declaration of function ‘getFirst’ [-Werror=implicit-function-declaration]
  139 |       Node* adj_node = getFirst(adj_nodes);
      |                        ^~~~~~~~
sudoku.c:139:24: error: initialization of ‘Node *’ from ‘int’ makes pointer from integer without a cast [-Werror=int-conversion]
sudoku.c:147:21: error: implicit declaration of function ‘getNext’ [-Werror=implicit-function-declaration]
  147 |          adj_node = getNext(adj_nodes);
      |                     ^~~~~~~
sudoku.c:147:19: error: assignment to ‘Node *’ from ‘int’ makes pointer from integer without a cast [-Werror=int-conversion]
  147 |          adj_node = getNext(adj_nodes);
      |                   ^
sudoku.c:150:7: error: implicit declaration of function ‘freeList’; did you mean ‘createList’? [-Werror=implicit-function-declaration]
  150 |       freeList(adj_nodes);
      |       ^~~~~~~~
      |       createList
cc1: all warnings being treated as errors
Compilation failed
4401d72
Sat 07 Oct 2023 01:40:11 AM UTC: 
 sudoku.c | 23 +++++++++++------------
 1 file changed, 11 insertions(+), 12 deletions(-)
In file included from test.c:5:
sudoku.c: In function ‘DFS’:
sudoku.c:136:13: error: implicit declaration of function ‘freeList’; did you mean ‘createList’? [-Werror=implicit-function-declaration]
  136 |             freeList(stack); // Liberamos la memoria de la pila
      |             ^~~~~~~~
      |             createList
cc1: all warnings being treated as errors
Compilation failed
6eff819
Sat 07 Oct 2023 01:40:27 AM UTC: 
 sudoku.c | 2 +-
 1 file changed, 1 insertion(+), 1 deletion(-)
In file included from test.c:5:
sudoku.c: In function ‘DFS’:
sudoku.c:149:9: error: implicit declaration of function ‘freeList’; did you mean ‘createList’? [-Werror=implicit-function-declaration]
  149 |         freeList(adj_nodes);
      |         ^~~~~~~~
      |         createList
cc1: all warnings being treated as errors
Compilation failed
65c1ed0
Sat 07 Oct 2023 01:40:37 AM UTC: 
 sudoku.c | 2 +-
 1 file changed, 1 insertion(+), 1 deletion(-)
In file included from test.c:5:
sudoku.c: In function ‘DFS’:
sudoku.c:153:5: error: implicit declaration of function ‘freeList’; did you mean ‘createList’? [-Werror=implicit-function-declaration]
  153 |     freeList(stack); // Liberamos la memoria de la pila
      |     ^~~~~~~~
      |     createList
cc1: all warnings being treated as errors
Compilation failed
9a29ab8
Sat 07 Oct 2023 01:41:25 AM UTC: 
 sudoku.c | 32 ++------------------------------
 1 file changed, 2 insertions(+), 30 deletions(-)
 tests:  6|2
total_score: 45/70
f82e931
Sat 07 Oct 2023 01:42:52 AM UTC: 
 sudoku.c | 32 ++++++++++++++++++++++++++++++--
 1 file changed, 30 insertions(+), 2 deletions(-)
In file included from test.c:5:
sudoku.c: In function ‘DFS’:
sudoku.c:136:13: error: implicit declaration of function ‘freeList’; did you mean ‘createList’? [-Werror=implicit-function-declaration]
  136 |             freeList(stack); // Liberamos la memoria de la pila
      |             ^~~~~~~~
      |             createList
cc1: all warnings being treated as errors
Compilation failed
8f790e7
Sat 07 Oct 2023 01:46:36 AM UTC: 
 sudoku.c | 27 ++++++++++++---------------
 1 file changed, 12 insertions(+), 15 deletions(-)
In file included from test.c:5:
sudoku.c: In function ‘DFS’:
sudoku.c:139:15: error: unused variable ‘adj_nodes’ [-Werror=unused-variable]
  139 |         List* adj_nodes = get_adj_nodes(current);
      |               ^~~~~~~~~
cc1: all warnings being treated as errors
Compilation failed
b3b7ff9
Sat 07 Oct 2023 01:55:27 AM UTC: 
 sudoku.c | 28 ++++++++++------------------
 1 file changed, 10 insertions(+), 18 deletions(-)
In file included from test.c:5:
sudoku.c: In function ‘DFS’:
sudoku.c:135:17: error: passing argument 1 of ‘is_empty’ from incompatible pointer type [-Werror=incompatible-pointer-types]
  135 |     if(is_empty(current))
      |                 ^~~~~~~
      |                 |
      |                 Node *
In file included from test.c:4:
list.h:14:20: note: expected ‘List *’ but argument is of type ‘Node *’
   14 | int is_empty(List* list);
      |              ~~~~~~^~~~
In file included from test.c:5:
sudoku.c:139:12: error: unused variable ‘nodos_adj’ [-Werror=unused-variable]
  139 |     List * nodos_adj = get_adj_nodes(current);
      |            ^~~~~~~~~
cc1: all warnings being treated as errors
Compilation failed
ec9fb54
Sat 07 Oct 2023 01:57:04 AM UTC: 
 sudoku.c | 2 +-
 1 file changed, 1 insertion(+), 1 deletion(-)
In file included from test.c:5:
sudoku.c: In function ‘DFS’:
sudoku.c:137:14: error: returning ‘List *’ from a function with incompatible return type ‘Node *’ [-Werror=incompatible-pointer-types]
  137 |       return current;
      |              ^~~~~~~
sudoku.c:139:38: error: passing argument 1 of ‘get_adj_nodes’ from incompatible pointer type [-Werror=incompatible-pointer-types]
  139 |     List * nodos_adj = get_adj_nodes(current);
      |                                      ^~~~~~~
      |                                      |
      |                                      List *
sudoku.c:82:27: note: expected ‘Node *’ but argument is of type ‘List *’
   82 | List* get_adj_nodes(Node* n)
      |                     ~~~~~~^
sudoku.c:139:12: error: unused variable ‘nodos_adj’ [-Werror=unused-variable]
  139 |     List * nodos_adj = get_adj_nodes(current);
      |            ^~~~~~~~~
cc1: all warnings being treated as errors
Compilation failed
d711538
Sat 07 Oct 2023 01:57:55 AM UTC: 
 sudoku.c | 4 ++--
 1 file changed, 2 insertions(+), 2 deletions(-)
In file included from test.c:5:
sudoku.c: In function ‘DFS’:
sudoku.c:139:12: error: unused variable ‘nodos_adj’ [-Werror=unused-variable]
  139 |     List * nodos_adj = get_adj_nodes(current);
      |            ^~~~~~~~~
cc1: all warnings being treated as errors
Compilation failed
6bb158b
Sat 07 Oct 2023 01:58:22 AM UTC: 
 sudoku.c | 2 +-
 1 file changed, 1 insertion(+), 1 deletion(-)
 tests:  6|2
total_score: 45/70
25facca
Sat 07 Oct 2023 01:59:19 AM UTC: 
 sudoku.c | 43 +++++++++++++++++++++++++++++++------------
 1 file changed, 31 insertions(+), 12 deletions(-)
 tests:  0|0
b3faa3c
Sat 07 Oct 2023 02:05:20 AM UTC: 
 sudoku.c | 46 +++++++++++++---------------------------------
 1 file changed, 13 insertions(+), 33 deletions(-)
In file included from test.c:5:
sudoku.c: In function ‘DFS’:
sudoku.c:139:12: error: unused variable ‘nodos_adj’ [-Werror=unused-variable]
  139 |     List * nodos_adj = get_adj_nodes(current);
      |            ^~~~~~~~~
test.c: At top level:
test.c:245:5: error: redefinition of ‘main’
  245 | int main( int argc, char *argv[] ) {
      |     ^~~~
In file included from test.c:5:
sudoku.c:149:5: note: previous definition of ‘main’ with type ‘int(int,  char **)’
  149 | int main( int argc, char *argv[] ){
      |     ^~~~
cc1: all warnings being treated as errors
Compilation failed
c5bf886
Sat 07 Oct 2023 02:05:33 AM UTC: 
 sudoku.c | 4 ++--
 1 file changed, 2 insertions(+), 2 deletions(-)
In file included from test.c:5:
sudoku.c: In function ‘DFS’:
sudoku.c:139:12: error: unused variable ‘nodos_adj’ [-Werror=unused-variable]
  139 |     List * nodos_adj = get_adj_nodes(current);
      |            ^~~~~~~~~
cc1: all warnings being treated as errors
Compilation failed
ed9d5c1
Sat 07 Oct 2023 02:05:51 AM UTC: 
 sudoku.c | 2 +-
 1 file changed, 1 insertion(+), 1 deletion(-)
 tests:  6|2
total_score: 45/70
646d23c
Sat 07 Oct 2023 02:07:46 AM UTC: 
 sudoku.c | 98 ++++++++++++++++++++++++----------------------------------------
 1 file changed, 37 insertions(+), 61 deletions(-)
In file included from test.c:5:
sudoku.c: In function ‘DFS’:
sudoku.c:115:11: error: unused variable ‘nodos_adj’ [-Werror=unused-variable]
  115 |     List *nodos_adj = get_adj_nodes(current);
      |           ^~~~~~~~~
cc1: all warnings being treated as errors
Compilation failed
5c13f12
Sat 07 Oct 2023 02:12:50 AM UTC: 
 sudoku.c | 96 ++++++++++++++++++++++++++++++++++++++++------------------------
 1 file changed, 60 insertions(+), 36 deletions(-)
In file included from test.c:5:
sudoku.c: In function ‘DFS’:
sudoku.c:139:12: error: unused variable ‘nodos_adj’ [-Werror=unused-variable]
  139 |     List * nodos_adj = get_adj_nodes(current);
      |            ^~~~~~~~~
cc1: all warnings being treated as errors
Compilation failed
5e6ba1e
Sat 07 Oct 2023 02:13:05 AM UTC: 
 sudoku.c | 2 +-
 1 file changed, 1 insertion(+), 1 deletion(-)
 tests:  6|2
total_score: 45/70
8e4f342
Sat 07 Oct 2023 02:24:02 AM UTC: 
 sudoku.c | 2 +-
 1 file changed, 1 insertion(+), 1 deletion(-)
In file included from test.c:5:
sudoku.c: In function ‘DFS’:
sudoku.c:139:12: error: unused variable ‘nodos_adj’ [-Werror=unused-variable]
  139 |     List * nodos_adj = get_adj_nodes(current);
      |            ^~~~~~~~~
cc1: all warnings being treated as errors
Compilation failed
ed4f581
Sat 07 Oct 2023 02:24:11 AM UTC: 
 sudoku.c | 2 +-
 1 file changed, 1 insertion(+), 1 deletion(-)
 tests:  6|2
total_score: 45/70
0b82d22
Sat 07 Oct 2023 02:25:45 AM UTC: 
 sudoku.c | 2 +-
 1 file changed, 1 insertion(+), 1 deletion(-)
In file included from test.c:5:
sudoku.c: In function ‘DFS’:
sudoku.c:139:12: error: unused variable ‘nodos_adj’ [-Werror=unused-variable]
  139 |     List * nodos_adj = get_adj_nodes(current);
      |            ^~~~~~~~~
cc1: all warnings being treated as errors
Compilation failed
c6b9254
Sat 07 Oct 2023 02:26:56 AM UTC: 
 sudoku.c | 39 ++++++++++++++++++++++++++++++++-------
 1 file changed, 32 insertions(+), 7 deletions(-)
 tests:  6|2
total_score: 45/70
e57a519
Sat 07 Oct 2023 02:29:41 AM UTC: 
 sudoku.c | 1 -
 1 file changed, 1 deletion(-)
 tests:  6|2
total_score: 45/70
d9b6da9
Sat 07 Oct 2023 02:35:13 AM UTC: 
 sudoku.c | 38 ++++++++------------------------------
 1 file changed, 8 insertions(+), 30 deletions(-)
In file included from test.c:5:
sudoku.c: In function ‘DFS’:
sudoku.c:140:12: error: unused variable ‘nodo_adj’ [-Werror=unused-variable]
  140 |     Node * nodo_adj = first(nodos_adj);
      |            ^~~~~~~~
cc1: all warnings being treated as errors
Compilation failed
271f3e4
Sat 07 Oct 2023 02:35:46 AM UTC: 
 sudoku.c | 2 ++
 1 file changed, 2 insertions(+)
 tests:  6|2
total_score: 45/70
7f9659a
